<?xml version="1.0" encoding="UTF-8"?>
<testsuite name="dungeonmania.mvp.MovementTest" tests="4" skipped="0" failures="0" errors="0" timestamp="2022-11-11T03:57:00" hostname="Jasons-MacBook-Air.local" time="0.062">
  <properties/>
  <testcase name="Test the player can move up" classname="dungeonmania.mvp.MovementTest" time="0.014"/>
  <testcase name="Test the player can move right" classname="dungeonmania.mvp.MovementTest" time="0.016"/>
  <testcase name="Test the player can move down" classname="dungeonmania.mvp.MovementTest" time="0.013"/>
  <testcase name="Test the player can move left" classname="dungeonmania.mvp.MovementTest" time="0.019"/>
  <system-out><![CDATA[]]></system-out>
  <system-err><![CDATA[[Test worker] INFO org.reflections.Reflections - Reflections took 7 ms to scan 2 urls, producing 140 keys and 140 values
[Test worker] INFO org.reflections.Reflections - Reflections took 5 ms to scan 2 urls, producing 134 keys and 134 values
[Test worker] INFO org.reflections.Reflections - Reflections took 6 ms to scan 2 urls, producing 140 keys and 140 values
[Test worker] INFO org.reflections.Reflections - Reflections took 8 ms to scan 2 urls, producing 134 keys and 134 values
[Test worker] INFO org.reflections.Reflections - Reflections took 6 ms to scan 2 urls, producing 140 keys and 140 values
[Test worker] INFO org.reflections.Reflections - Reflections took 5 ms to scan 2 urls, producing 134 keys and 134 values
[Test worker] INFO org.reflections.Reflections - Reflections took 7 ms to scan 2 urls, producing 140 keys and 140 values
[Test worker] INFO org.reflections.Reflections - Reflections took 8 ms to scan 2 urls, producing 134 keys and 134 values
]]></system-err>
</testsuite>
