<?xml version="1.0" encoding="UTF-8"?>
<testsuite name="dungeonmania.mvp.AlliesMoveTest" tests="4" skipped="0" failures="0" errors="0" timestamp="2022-11-11T03:56:59" hostname="Jasons-MacBook-Air.local" time="0.283">
  <properties/>
  <testcase name="Testing NEW mercenary movement after adjcaent to player" classname="dungeonmania.mvp.AlliesMoveTest" time="0.183"/>
  <testcase name="Testing complex bribed mercenary movement before reaching player" classname="dungeonmania.mvp.AlliesMoveTest" time="0.042"/>
  <testcase name="Testing NEW mercenary movement after becoming allied" classname="dungeonmania.mvp.AlliesMoveTest" time="0.028"/>
  <testcase name="Testing NEW bribed mercenary movement before reaching player" classname="dungeonmania.mvp.AlliesMoveTest" time="0.022"/>
  <system-out><![CDATA[]]></system-out>
  <system-err><![CDATA[[Test worker] INFO org.reflections.Reflections - Reflections took 58 ms to scan 2 urls, producing 140 keys and 140 values
[Test worker] INFO org.reflections.Reflections - Reflections took 10 ms to scan 2 urls, producing 134 keys and 134 values
[Test worker] INFO org.reflections.Reflections - Reflections took 10 ms to scan 2 urls, producing 140 keys and 140 values
[Test worker] INFO org.reflections.Reflections - Reflections took 19 ms to scan 2 urls, producing 134 keys and 134 values
[Test worker] INFO org.reflections.Reflections - Reflections took 10 ms to scan 2 urls, producing 140 keys and 140 values
[Test worker] INFO org.reflections.Reflections - Reflections took 11 ms to scan 2 urls, producing 134 keys and 134 values
[Test worker] INFO org.reflections.Reflections - Reflections took 6 ms to scan 2 urls, producing 140 keys and 140 values
[Test worker] INFO org.reflections.Reflections - Reflections took 9 ms to scan 2 urls, producing 134 keys and 134 values
]]></system-err>
</testsuite>
