<?xml version="1.0" encoding="UTF-8"?>
<testsuite name="dungeonmania.mvp.DoorsKeysTest" tests="7" skipped="0" failures="0" errors="0" timestamp="2022-11-11T03:57:00" hostname="Jasons-MacBook-Air.local" time="0.128">
  <properties/>
  <testcase name="Test player can pick up a key and add to inventory" classname="dungeonmania.mvp.DoorsKeysTest" time="0.025"/>
  <testcase name="Test player cannot pickup two keys at the same time" classname="dungeonmania.mvp.DoorsKeysTest" time="0.017"/>
  <testcase name="Test player can use a key to open and walk through a door" classname="dungeonmania.mvp.DoorsKeysTest" time="0.013"/>
  <testcase name="Test player cannot walk through a closed door" classname="dungeonmania.mvp.DoorsKeysTest" time="0.015"/>
  <testcase name="Test doors remain open and the player can move through the door without a key" classname="dungeonmania.mvp.DoorsKeysTest" time="0.023"/>
  <testcase name="Test player cannot open a door with the wrong key" classname="dungeonmania.mvp.DoorsKeysTest" time="0.015"/>
  <testcase name="Test player can pick up a second key after using the first" classname="dungeonmania.mvp.DoorsKeysTest" time="0.016"/>
  <system-out><![CDATA[]]></system-out>
  <system-err><![CDATA[[Test worker] INFO org.reflections.Reflections - Reflections took 15 ms to scan 2 urls, producing 140 keys and 140 values
[Test worker] INFO org.reflections.Reflections - Reflections took 7 ms to scan 2 urls, producing 134 keys and 134 values
[Test worker] INFO org.reflections.Reflections - Reflections took 6 ms to scan 2 urls, producing 140 keys and 140 values
[Test worker] INFO org.reflections.Reflections - Reflections took 9 ms to scan 2 urls, producing 134 keys and 134 values
[Test worker] INFO org.reflections.Reflections - Reflections took 4 ms to scan 2 urls, producing 140 keys and 140 values
[Test worker] INFO org.reflections.Reflections - Reflections took 6 ms to scan 2 urls, producing 134 keys and 134 values
[Test worker] INFO org.reflections.Reflections - Reflections took 5 ms to scan 2 urls, producing 140 keys and 140 values
[Test worker] INFO org.reflections.Reflections - Reflections took 5 ms to scan 2 urls, producing 134 keys and 134 values
[Test worker] INFO org.reflections.Reflections - Reflections took 14 ms to scan 2 urls, producing 140 keys and 140 values
[Test worker] INFO org.reflections.Reflections - Reflections took 7 ms to scan 2 urls, producing 134 keys and 134 values
[Test worker] INFO org.reflections.Reflections - Reflections took 4 ms to scan 2 urls, producing 140 keys and 140 values
[Test worker] INFO org.reflections.Reflections - Reflections took 9 ms to scan 2 urls, producing 134 keys and 134 values
[Test worker] INFO org.reflections.Reflections - Reflections took 8 ms to scan 2 urls, producing 140 keys and 140 values
[Test worker] INFO org.reflections.Reflections - Reflections took 6 ms to scan 2 urls, producing 134 keys and 134 values
]]></system-err>
</testsuite>
