<?xml version="1.0" encoding="UTF-8"?>
<testsuite name="dungeonmania.mvp.InterfaceTest$TickInterfaceTest" tests="3" skipped="0" failures="0" errors="0" timestamp="2022-11-11T03:57:00" hostname="Jasons-MacBook-Air.local" time="0.08">
  <properties/>
  <testcase name="Testing tick interface method, normal operation" classname="dungeonmania.mvp.InterfaceTest$TickInterfaceTest" time="0.02"/>
  <testcase name="Testing tick with an item that is not in the player's inventory" classname="dungeonmania.mvp.InterfaceTest$TickInterfaceTest" time="0.038"/>
  <testcase name="Testing tick with an unusable item in the inventory" classname="dungeonmania.mvp.InterfaceTest$TickInterfaceTest" time="0.02"/>
  <system-out><![CDATA[]]></system-out>
  <system-err><![CDATA[[Test worker] INFO org.reflections.Reflections - Reflections took 10 ms to scan 2 urls, producing 140 keys and 140 values
[Test worker] INFO org.reflections.Reflections - Reflections took 5 ms to scan 2 urls, producing 134 keys and 134 values
[Test worker] INFO org.reflections.Reflections - Reflections took 18 ms to scan 2 urls, producing 140 keys and 140 values
[Test worker] INFO org.reflections.Reflections - Reflections took 17 ms to scan 2 urls, producing 134 keys and 134 values
[Test worker] INFO org.reflections.Reflections - Reflections took 10 ms to scan 2 urls, producing 140 keys and 140 values
[Test worker] INFO org.reflections.Reflections - Reflections took 7 ms to scan 2 urls, producing 134 keys and 134 values
]]></system-err>
</testsuite>
