<?xml version="1.0" encoding="UTF-8"?>
<testsuite name="dungeonmania.mvp.PortalsTest" tests="6" skipped="0" failures="0" errors="0" timestamp="2022-11-11T03:57:00" hostname="Jasons-MacBook-Air.local" time="0.106">
  <properties/>
  <testcase name="Test portals work both ways" classname="dungeonmania.mvp.PortalsTest" time="0.016"/>
  <testcase name="Test portal matching when there are multiple portals" classname="dungeonmania.mvp.PortalsTest" time="0.011"/>
  <testcase name="Test chain teleporting between multiple portals" classname="dungeonmania.mvp.PortalsTest" time="0.015"/>
  <testcase name="Test player cannot teleport when the exit portal is surrounded by walls" classname="dungeonmania.mvp.PortalsTest" time="0.016"/>
  <testcase name="Test portal has no effect on spiders" classname="dungeonmania.mvp.PortalsTest" time="0.018"/>
  <testcase name="Test portal has no effect on zombies" classname="dungeonmania.mvp.PortalsTest" time="0.028"/>
  <system-out><![CDATA[]]></system-out>
  <system-err><![CDATA[[Test worker] INFO org.reflections.Reflections - Reflections took 8 ms to scan 2 urls, producing 140 keys and 140 values
[Test worker] INFO org.reflections.Reflections - Reflections took 5 ms to scan 2 urls, producing 134 keys and 134 values
[Test worker] INFO org.reflections.Reflections - Reflections took 4 ms to scan 2 urls, producing 140 keys and 140 values
[Test worker] INFO org.reflections.Reflections - Reflections took 5 ms to scan 2 urls, producing 134 keys and 134 values
[Test worker] INFO org.reflections.Reflections - Reflections took 7 ms to scan 2 urls, producing 140 keys and 140 values
[Test worker] INFO org.reflections.Reflections - Reflections took 7 ms to scan 2 urls, producing 134 keys and 134 values
[Test worker] INFO org.reflections.Reflections - Reflections took 7 ms to scan 2 urls, producing 140 keys and 140 values
[Test worker] INFO org.reflections.Reflections - Reflections took 8 ms to scan 2 urls, producing 134 keys and 134 values
[Test worker] INFO org.reflections.Reflections - Reflections took 9 ms to scan 2 urls, producing 140 keys and 140 values
[Test worker] INFO org.reflections.Reflections - Reflections took 6 ms to scan 2 urls, producing 134 keys and 134 values
[Test worker] INFO org.reflections.Reflections - Reflections took 15 ms to scan 2 urls, producing 140 keys and 140 values
[Test worker] INFO org.reflections.Reflections - Reflections took 6 ms to scan 2 urls, producing 134 keys and 134 values
]]></system-err>
</testsuite>
