<?xml version="1.0" encoding="UTF-8"?>
<testsuite name="dungeonmania.mvp.BattleTest" tests="22" skipped="0" failures="0" errors="0" timestamp="2022-11-11T03:56:59" hostname="Jasons-MacBook-Air.local" time="0.42">
  <properties/>
  <testcase name="Test basic health calculations spider - player wins" classname="dungeonmania.mvp.BattleTest" time="0.023"/>
  <testcase name="Test the player battles three enemies consecutively and defeats them" classname="dungeonmania.mvp.BattleTest" time="0.022"/>
  <testcase name="Test player battles mercenary and mercenary dies" classname="dungeonmania.mvp.BattleTest" time="0.019"/>
  <testcase name="Test player battles mercenary and player dies" classname="dungeonmania.mvp.BattleTest" time="0.019"/>
  <testcase name="Test basic health calculations zombie - player wins" classname="dungeonmania.mvp.BattleTest" time="0.018"/>
  <testcase name="Test shield reduces enemy attack" classname="dungeonmania.mvp.BattleTest" time="0.023"/>
  <testcase name="Test sword increases attack damage" classname="dungeonmania.mvp.BattleTest" time="0.021"/>
  <testcase name="Test a player wins a battle against a mercenary with an invincibility potion" classname="dungeonmania.mvp.BattleTest" time="0.021"/>
  <testcase name="Test player wins a battle against a zombie with an invincibility potion" classname="dungeonmania.mvp.BattleTest" time="0.018"/>
  <testcase name="Test player battles zombie and zombie dies" classname="dungeonmania.mvp.BattleTest" time="0.022"/>
  <testcase name="Test bow durability" classname="dungeonmania.mvp.BattleTest" time="0.024"/>
  <testcase name="Test sword durability" classname="dungeonmania.mvp.BattleTest" time="0.017"/>
  <testcase name="Test basic health calculations mercenary - player loses" classname="dungeonmania.mvp.BattleTest" time="0.016"/>
  <testcase name="Test player battles spider and spider dies" classname="dungeonmania.mvp.BattleTest" time="0.015"/>
  <testcase name="Test player wins a battle against a spider with an invinicibility potion" classname="dungeonmania.mvp.BattleTest" time="0.014"/>
  <testcase name="Test attack twice with bow - spider" classname="dungeonmania.mvp.BattleTest" time="0.018"/>
  <testcase name="Test basic health calculations spider - player loses" classname="dungeonmania.mvp.BattleTest" time="0.018"/>
  <testcase name="Test basic health calculations zombie - player loses" classname="dungeonmania.mvp.BattleTest" time="0.017"/>
  <testcase name="Test basic health calculations mercenary - player wins" classname="dungeonmania.mvp.BattleTest" time="0.014"/>
  <testcase name="Test player battles spider and player dies" classname="dungeonmania.mvp.BattleTest" time="0.016"/>
  <testcase name="Test player battles zombie and player dies" classname="dungeonmania.mvp.BattleTest" time="0.017"/>
  <testcase name="Test shield durability" classname="dungeonmania.mvp.BattleTest" time="0.018"/>
  <system-out><![CDATA[]]></system-out>
  <system-err><![CDATA[[Test worker] INFO org.reflections.Reflections - Reflections took 8 ms to scan 2 urls, producing 140 keys and 140 values
[Test worker] INFO org.reflections.Reflections - Reflections took 7 ms to scan 2 urls, producing 134 keys and 134 values
[Test worker] INFO org.reflections.Reflections - Reflections took 5 ms to scan 2 urls, producing 140 keys and 140 values
[Test worker] INFO org.reflections.Reflections - Reflections took 7 ms to scan 2 urls, producing 134 keys and 134 values
[Test worker] INFO org.reflections.Reflections - Reflections took 9 ms to scan 2 urls, producing 140 keys and 140 values
[Test worker] INFO org.reflections.Reflections - Reflections took 6 ms to scan 2 urls, producing 134 keys and 134 values
[Test worker] INFO org.reflections.Reflections - Reflections took 7 ms to scan 2 urls, producing 140 keys and 140 values
[Test worker] INFO org.reflections.Reflections - Reflections took 6 ms to scan 2 urls, producing 134 keys and 134 values
[Test worker] INFO org.reflections.Reflections - Reflections took 7 ms to scan 2 urls, producing 140 keys and 140 values
[Test worker] INFO org.reflections.Reflections - Reflections took 8 ms to scan 2 urls, producing 134 keys and 134 values
[Test worker] INFO org.reflections.Reflections - Reflections took 8 ms to scan 2 urls, producing 140 keys and 140 values
[Test worker] INFO org.reflections.Reflections - Reflections took 8 ms to scan 2 urls, producing 134 keys and 134 values
[Test worker] INFO org.reflections.Reflections - Reflections took 9 ms to scan 2 urls, producing 140 keys and 140 values
[Test worker] INFO org.reflections.Reflections - Reflections took 8 ms to scan 2 urls, producing 134 keys and 134 values
[Test worker] INFO org.reflections.Reflections - Reflections took 6 ms to scan 2 urls, producing 140 keys and 140 values
[Test worker] INFO org.reflections.Reflections - Reflections took 9 ms to scan 2 urls, producing 134 keys and 134 values
[Test worker] INFO org.reflections.Reflections - Reflections took 7 ms to scan 2 urls, producing 140 keys and 140 values
[Test worker] INFO org.reflections.Reflections - Reflections took 8 ms to scan 2 urls, producing 134 keys and 134 values
[Test worker] INFO org.reflections.Reflections - Reflections took 9 ms to scan 2 urls, producing 140 keys and 140 values
[Test worker] INFO org.reflections.Reflections - Reflections took 7 ms to scan 2 urls, producing 134 keys and 134 values
[Test worker] INFO org.reflections.Reflections - Reflections took 8 ms to scan 2 urls, producing 140 keys and 140 values
[Test worker] INFO org.reflections.Reflections - Reflections took 7 ms to scan 2 urls, producing 134 keys and 134 values
[Test worker] INFO org.reflections.Reflections - Reflections took 7 ms to scan 2 urls, producing 140 keys and 140 values
[Test worker] INFO org.reflections.Reflections - Reflections took 8 ms to scan 2 urls, producing 134 keys and 134 values
[Test worker] INFO org.reflections.Reflections - Reflections took 6 ms to scan 2 urls, producing 140 keys and 140 values
[Test worker] INFO org.reflections.Reflections - Reflections took 7 ms to scan 2 urls, producing 134 keys and 134 values
[Test worker] INFO org.reflections.Reflections - Reflections took 6 ms to scan 2 urls, producing 140 keys and 140 values
[Test worker] INFO org.reflections.Reflections - Reflections took 7 ms to scan 2 urls, producing 134 keys and 134 values
[Test worker] INFO org.reflections.Reflections - Reflections took 5 ms to scan 2 urls, producing 140 keys and 140 values
[Test worker] INFO org.reflections.Reflections - Reflections took 6 ms to scan 2 urls, producing 134 keys and 134 values
[Test worker] INFO org.reflections.Reflections - Reflections took 9 ms to scan 2 urls, producing 140 keys and 140 values
[Test worker] INFO org.reflections.Reflections - Reflections took 6 ms to scan 2 urls, producing 134 keys and 134 values
[Test worker] INFO org.reflections.Reflections - Reflections took 8 ms to scan 2 urls, producing 140 keys and 140 values
[Test worker] INFO org.reflections.Reflections - Reflections took 5 ms to scan 2 urls, producing 134 keys and 134 values
[Test worker] INFO org.reflections.Reflections - Reflections took 5 ms to scan 2 urls, producing 140 keys and 140 values
[Test worker] INFO org.reflections.Reflections - Reflections took 9 ms to scan 2 urls, producing 134 keys and 134 values
[Test worker] INFO org.reflections.Reflections - Reflections took 5 ms to scan 2 urls, producing 140 keys and 140 values
[Test worker] INFO org.reflections.Reflections - Reflections took 5 ms to scan 2 urls, producing 134 keys and 134 values
[Test worker] INFO org.reflections.Reflections - Reflections took 5 ms to scan 2 urls, producing 140 keys and 140 values
[Test worker] INFO org.reflections.Reflections - Reflections took 6 ms to scan 2 urls, producing 134 keys and 134 values
[Test worker] INFO org.reflections.Reflections - Reflections took 7 ms to scan 2 urls, producing 140 keys and 140 values
[Test worker] INFO org.reflections.Reflections - Reflections took 6 ms to scan 2 urls, producing 134 keys and 134 values
[Test worker] INFO org.reflections.Reflections - Reflections took 7 ms to scan 2 urls, producing 140 keys and 140 values
[Test worker] INFO org.reflections.Reflections - Reflections took 5 ms to scan 2 urls, producing 134 keys and 134 values
]]></system-err>
</testsuite>
