<?xml version="1.0" encoding="UTF-8"?>
<testsuite name="dungeonmania.mvp.PotionsTest" tests="6" skipped="0" failures="0" errors="0" timestamp="2022-11-11T03:57:01" hostname="Jasons-MacBook-Air.local" time="0.085">
  <properties/>
  <testcase name="Test invincibility potions do not change spider movement" classname="dungeonmania.mvp.PotionsTest" time="0.012"/>
  <testcase name="Test the effects of the invincibility potion only last for a limited time" classname="dungeonmania.mvp.PotionsTest" time="0.016"/>
  <testcase name="Test when the effects of a 2nd potion are 'queued'" classname="dungeonmania.mvp.PotionsTest" time="0.017"/>
  <testcase name="Test invincibility potion can be picked up and consumed" classname="dungeonmania.mvp.PotionsTest" time="0.011"/>
  <testcase name="Test invisibility potion can be picked up and consumed" classname="dungeonmania.mvp.PotionsTest" time="0.013"/>
  <testcase name="Test the effects of the invisibility potion only last for a limited time" classname="dungeonmania.mvp.PotionsTest" time="0.015"/>
  <system-out><![CDATA[]]></system-out>
  <system-err><![CDATA[[Test worker] INFO org.reflections.Reflections - Reflections took 4 ms to scan 2 urls, producing 140 keys and 140 values
[Test worker] INFO org.reflections.Reflections - Reflections took 6 ms to scan 2 urls, producing 134 keys and 134 values
[Test worker] INFO org.reflections.Reflections - Reflections took 6 ms to scan 2 urls, producing 140 keys and 140 values
[Test worker] INFO org.reflections.Reflections - Reflections took 7 ms to scan 2 urls, producing 134 keys and 134 values
[Test worker] INFO org.reflections.Reflections - Reflections took 7 ms to scan 2 urls, producing 140 keys and 140 values
[Test worker] INFO org.reflections.Reflections - Reflections took 8 ms to scan 2 urls, producing 134 keys and 134 values
[Test worker] INFO org.reflections.Reflections - Reflections took 5 ms to scan 2 urls, producing 140 keys and 140 values
[Test worker] INFO org.reflections.Reflections - Reflections took 4 ms to scan 2 urls, producing 134 keys and 134 values
[Test worker] INFO org.reflections.Reflections - Reflections took 5 ms to scan 2 urls, producing 140 keys and 140 values
[Test worker] INFO org.reflections.Reflections - Reflections took 5 ms to scan 2 urls, producing 134 keys and 134 values
[Test worker] INFO org.reflections.Reflections - Reflections took 4 ms to scan 2 urls, producing 140 keys and 140 values
[Test worker] INFO org.reflections.Reflections - Reflections took 8 ms to scan 2 urls, producing 134 keys and 134 values
]]></system-err>
</testsuite>
