<?xml version="1.0" encoding="UTF-8"?>
<testsuite name="dungeonmania.mvp.ComplexGoalsTest" tests="6" skipped="0" failures="0" errors="0" timestamp="2022-11-11T03:57:00" hostname="Jasons-MacBook-Air.local" time="0.125">
  <properties/>
  <testcase name="Testing a switch goal can be achieved and then become unachieved" classname="dungeonmania.mvp.ComplexGoalsTest" time="0.042"/>
  <testcase name="Testing a map with 4 conjunction goal" classname="dungeonmania.mvp.ComplexGoalsTest" time="0.022"/>
  <testcase name="Testing a map with 4 disjunction goal" classname="dungeonmania.mvp.ComplexGoalsTest" time="0.016"/>
  <testcase name="Testing that the exit goal must be achieved last and EXIT and TREASURE" classname="dungeonmania.mvp.ComplexGoalsTest" time="0.016"/>
  <testcase name="Testing that the exit goal must be achieved last in EXIT and TREASURE" classname="dungeonmania.mvp.ComplexGoalsTest" time="0.014"/>
  <testcase name="Testing that the exit goal must be achieved last in EXIT and ENEMIES" classname="dungeonmania.mvp.ComplexGoalsTest" time="0.012"/>
  <system-out><![CDATA[((:exit AND :treasure) AND :boulders)
]]></system-out>
  <system-err><![CDATA[[Test worker] INFO org.reflections.Reflections - Reflections took 9 ms to scan 2 urls, producing 140 keys and 140 values
[Test worker] INFO org.reflections.Reflections - Reflections took 11 ms to scan 2 urls, producing 134 keys and 134 values
[Test worker] INFO org.reflections.Reflections - Reflections took 6 ms to scan 2 urls, producing 140 keys and 140 values
[Test worker] INFO org.reflections.Reflections - Reflections took 13 ms to scan 2 urls, producing 134 keys and 134 values
[Test worker] INFO org.reflections.Reflections - Reflections took 5 ms to scan 2 urls, producing 140 keys and 140 values
[Test worker] INFO org.reflections.Reflections - Reflections took 8 ms to scan 2 urls, producing 134 keys and 134 values
[Test worker] INFO org.reflections.Reflections - Reflections took 7 ms to scan 2 urls, producing 140 keys and 140 values
[Test worker] INFO org.reflections.Reflections - Reflections took 7 ms to scan 2 urls, producing 134 keys and 134 values
[Test worker] INFO org.reflections.Reflections - Reflections took 5 ms to scan 2 urls, producing 140 keys and 140 values
[Test worker] INFO org.reflections.Reflections - Reflections took 6 ms to scan 2 urls, producing 134 keys and 134 values
[Test worker] INFO org.reflections.Reflections - Reflections took 4 ms to scan 2 urls, producing 140 keys and 140 values
[Test worker] INFO org.reflections.Reflections - Reflections took 5 ms to scan 2 urls, producing 134 keys and 134 values
]]></system-err>
</testsuite>
