<?xml version="1.0" encoding="UTF-8"?>
<testsuite name="dungeonmania.mvp.SceptreTest" tests="4" skipped="0" failures="0" errors="0" timestamp="2022-11-11T03:57:01" hostname="Jasons-MacBook-Air.local" time="0.064">
  <properties/>
  <testcase name="Test building a sceptre with arrow and treasure" classname="dungeonmania.mvp.SceptreTest" time="0.017"/>
  <testcase name="Test interaction with a mercenary that has been mind controlled" classname="dungeonmania.mvp.SceptreTest" time="0.017"/>
  <testcase name="Test sceptre mind control on a mercenary" classname="dungeonmania.mvp.SceptreTest" time="0.015"/>
  <testcase name="Test building a sceptre with wood and key" classname="dungeonmania.mvp.SceptreTest" time="0.015"/>
  <system-out><![CDATA[]]></system-out>
  <system-err><![CDATA[[Test worker] INFO org.reflections.Reflections - Reflections took 5 ms to scan 2 urls, producing 140 keys and 140 values
[Test worker] INFO org.reflections.Reflections - Reflections took 4 ms to scan 2 urls, producing 134 keys and 134 values
[Test worker] INFO org.reflections.Reflections - Reflections took 5 ms to scan 2 urls, producing 140 keys and 140 values
[Test worker] INFO org.reflections.Reflections - Reflections took 5 ms to scan 2 urls, producing 134 keys and 134 values
[Test worker] INFO org.reflections.Reflections - Reflections took 6 ms to scan 2 urls, producing 140 keys and 140 values
[Test worker] INFO org.reflections.Reflections - Reflections took 5 ms to scan 2 urls, producing 134 keys and 134 values
[Test worker] INFO org.reflections.Reflections - Reflections took 6 ms to scan 2 urls, producing 140 keys and 140 values
[Test worker] INFO org.reflections.Reflections - Reflections took 6 ms to scan 2 urls, producing 134 keys and 134 values
]]></system-err>
</testsuite>
