<?xml version="1.0" encoding="UTF-8"?>
<testsuite name="dungeonmania.mvp.BouldersTest" tests="3" skipped="0" failures="0" errors="0" timestamp="2022-11-11T03:57:00" hostname="Jasons-MacBook-Air.local" time="0.053">
  <properties/>
  <testcase name="Test the player is unable to push two boulders" classname="dungeonmania.mvp.BouldersTest" time="0.016"/>
  <testcase name="Test pushing a boulder" classname="dungeonmania.mvp.BouldersTest" time="0.021"/>
  <testcase name="Test attempting to push a boulder into a wall" classname="dungeonmania.mvp.BouldersTest" time="0.015"/>
  <system-out><![CDATA[]]></system-out>
  <system-err><![CDATA[[Test worker] INFO org.reflections.Reflections - Reflections took 4 ms to scan 2 urls, producing 140 keys and 140 values
[Test worker] INFO org.reflections.Reflections - Reflections took 9 ms to scan 2 urls, producing 134 keys and 134 values
[Test worker] INFO org.reflections.Reflections - Reflections took 11 ms to scan 2 urls, producing 140 keys and 140 values
[Test worker] INFO org.reflections.Reflections - Reflections took 8 ms to scan 2 urls, producing 134 keys and 134 values
[Test worker] INFO org.reflections.Reflections - Reflections took 7 ms to scan 2 urls, producing 140 keys and 140 values
[Test worker] INFO org.reflections.Reflections - Reflections took 4 ms to scan 2 urls, producing 134 keys and 134 values
]]></system-err>
</testsuite>
