<?xml version="1.0" encoding="UTF-8"?>
<testsuite name="dungeonmania.mvp.BasicGoalsTest" tests="7" skipped="0" failures="0" errors="0" timestamp="2022-11-11T03:56:59" hostname="Jasons-MacBook-Air.local" time="0.184">
  <properties/>
  <testcase name="Test achieving a enemies goal -&gt; destroy one enemy and a spawner" classname="dungeonmania.mvp.BasicGoalsTest" time="0.021"/>
  <testcase name="Test achieving a basic enemies goal -&gt; destroy two enemies, no spawner on map" classname="dungeonmania.mvp.BasicGoalsTest" time="0.018"/>
  <testcase name="Test achieving a basic exit goal" classname="dungeonmania.mvp.BasicGoalsTest" time="0.058"/>
  <testcase name="Test achieving a boulders goal where there are five switches" classname="dungeonmania.mvp.BasicGoalsTest" time="0.023"/>
  <testcase name="Test achieving a basic treasure goal" classname="dungeonmania.mvp.BasicGoalsTest" time="0.019"/>
  <testcase name="Test achieving a basic boulders goal" classname="dungeonmania.mvp.BasicGoalsTest" time="0.022"/>
  <testcase name="Test achieving a basic enemies goal -&gt; destroy one enemy, no spawner on map" classname="dungeonmania.mvp.BasicGoalsTest" time="0.019"/>
  <system-out><![CDATA[]]></system-out>
  <system-err><![CDATA[[Test worker] INFO org.reflections.Reflections - Reflections took 7 ms to scan 2 urls, producing 140 keys and 140 values
[Test worker] INFO org.reflections.Reflections - Reflections took 7 ms to scan 2 urls, producing 134 keys and 134 values
[Test worker] INFO org.reflections.Reflections - Reflections took 7 ms to scan 2 urls, producing 140 keys and 140 values
[Test worker] INFO org.reflections.Reflections - Reflections took 7 ms to scan 2 urls, producing 134 keys and 134 values
[Test worker] INFO org.reflections.Reflections - Reflections took 35 ms to scan 2 urls, producing 140 keys and 140 values
[Test worker] INFO org.reflections.Reflections - Reflections took 6 ms to scan 2 urls, producing 134 keys and 134 values
[Test worker] INFO org.reflections.Reflections - Reflections took 8 ms to scan 2 urls, producing 140 keys and 140 values
[Test worker] INFO org.reflections.Reflections - Reflections took 8 ms to scan 2 urls, producing 134 keys and 134 values
[Test worker] INFO org.reflections.Reflections - Reflections took 9 ms to scan 2 urls, producing 140 keys and 140 values
[Test worker] INFO org.reflections.Reflections - Reflections took 7 ms to scan 2 urls, producing 134 keys and 134 values
[Test worker] INFO org.reflections.Reflections - Reflections took 8 ms to scan 2 urls, producing 140 keys and 140 values
[Test worker] INFO org.reflections.Reflections - Reflections took 9 ms to scan 2 urls, producing 134 keys and 134 values
[Test worker] INFO org.reflections.Reflections - Reflections took 8 ms to scan 2 urls, producing 140 keys and 140 values
[Test worker] INFO org.reflections.Reflections - Reflections took 8 ms to scan 2 urls, producing 134 keys and 134 values
]]></system-err>
</testsuite>
