<?xml version="1.0" encoding="UTF-8"?>
<testsuite name="dungeonmania.mvp.MercenaryTest" tests="7" skipped="0" failures="0" errors="0" timestamp="2022-11-11T03:57:00" hostname="Jasons-MacBook-Air.local" time="0.105">
  <properties/>
  <testcase name="Test mercenaries can not move through closed doors" classname="dungeonmania.mvp.MercenaryTest" time="0.013"/>
  <testcase name="Testing a mercenary can be bribed with a certain amount" classname="dungeonmania.mvp.MercenaryTest" time="0.016"/>
  <testcase name="Test mercenary stops if they cannot move any closer to the player" classname="dungeonmania.mvp.MercenaryTest" time="0.013"/>
  <testcase name="Testing a mercenary can be bribed within a radius" classname="dungeonmania.mvp.MercenaryTest" time="0.012"/>
  <testcase name="Test mercenary moves around a wall to get to the player" classname="dungeonmania.mvp.MercenaryTest" time="0.016"/>
  <testcase name="Test mercenary in line with Player moves towards them" classname="dungeonmania.mvp.MercenaryTest" time="0.012"/>
  <testcase name="Testing an allied mercenary does not battle the player" classname="dungeonmania.mvp.MercenaryTest" time="0.021"/>
  <system-out><![CDATA[]]></system-out>
  <system-err><![CDATA[[Test worker] INFO org.reflections.Reflections - Reflections took 6 ms to scan 2 urls, producing 140 keys and 140 values
[Test worker] INFO org.reflections.Reflections - Reflections took 4 ms to scan 2 urls, producing 134 keys and 134 values
[Test worker] INFO org.reflections.Reflections - Reflections took 8 ms to scan 2 urls, producing 140 keys and 140 values
[Test worker] INFO org.reflections.Reflections - Reflections took 4 ms to scan 2 urls, producing 134 keys and 134 values
[Test worker] INFO org.reflections.Reflections - Reflections took 5 ms to scan 2 urls, producing 140 keys and 140 values
[Test worker] INFO org.reflections.Reflections - Reflections took 5 ms to scan 2 urls, producing 134 keys and 134 values
[Test worker] INFO org.reflections.Reflections - Reflections took 5 ms to scan 2 urls, producing 140 keys and 140 values
[Test worker] INFO org.reflections.Reflections - Reflections took 5 ms to scan 2 urls, producing 134 keys and 134 values
[Test worker] INFO org.reflections.Reflections - Reflections took 4 ms to scan 2 urls, producing 140 keys and 140 values
[Test worker] INFO org.reflections.Reflections - Reflections took 5 ms to scan 2 urls, producing 134 keys and 134 values
[Test worker] INFO org.reflections.Reflections - Reflections took 5 ms to scan 2 urls, producing 140 keys and 140 values
[Test worker] INFO org.reflections.Reflections - Reflections took 5 ms to scan 2 urls, producing 134 keys and 134 values
[Test worker] INFO org.reflections.Reflections - Reflections took 11 ms to scan 2 urls, producing 140 keys and 140 values
[Test worker] INFO org.reflections.Reflections - Reflections took 6 ms to scan 2 urls, producing 134 keys and 134 values
]]></system-err>
</testsuite>
